<?xml version="1.0" encoding="UTF-8"?>
<!-- Generated by org.testng.reporters.JUnitXMLReporter -->
<testsuite hostname="DESKTOP-0VTV3UV" ignored="4" name="Test" tests="2" failures="0" timestamp="2020-10-20T07:06:36 CDT" time="28.375" errors="0">
  <testcase name="branch" time="11.403" classname="com.ebanking.master.Branchcre"/>
  <testcase name="Rolecre" time="8.567" classname="com.ebanking.master.RoleCre"/>
  <testcase name="@BeforeSuite beforeSuite" time="0.0" classname="com.ebanking.master.TestngBase">
    <ignored/>
  </testcase> <!-- @BeforeSuite beforeSuite -->
  <testcase name="@AfterTest afterTest" time="0.0" classname="com.ebanking.master.TestngBase">
    <ignored/>
  </testcase> <!-- @AfterTest afterTest -->
  <testcase name="@BeforeTest beforeTest" time="0.0" classname="com.ebanking.master.TestngBase">
    <ignored/>
  </testcase> <!-- @BeforeTest beforeTest -->
  <testcase name="@AfterSuite afterSuite" time="0.0" classname="com.ebanking.master.TestngBase">
    <ignored/>
  </testcase> <!-- @AfterSuite afterSuite -->
</testsuite> <!-- Test -->
